#
# There is insufficient memory for the Java Runtime Environment to continue.
# Native memory allocation (mmap) failed to map 1033895936 bytes for G1 virtual space
# Possible reasons:
#   The system is out of physical RAM or swap space
#   The process is running with CompressedOops enabled, and the Java Heap may be blocking the growth of the native heap
# Possible solutions:
#   Reduce memory load on the system
#   Increase physical memory or swap space
#   Check if swap backing store is full
#   Decrease Java heap size (-Xmx/-Xms)
#   Decrease number of Java threads
#   Decrease Java thread stack sizes (-Xss)
#   Set larger code cache with -XX:ReservedCodeCacheSize=
#   JVM is running with Zero Based Compressed Oops mode in which the Java heap is
#     placed in the first 32GB address space. The Java Heap base address is the
#     maximum limit for the native heap growth. Please use -XX:HeapBaseMinAddress
#     to set the Java Heap base and to place the Java Heap above 32GB virtual address.
# This output file may be truncated or incomplete.
#
#  Out of Memory Error (os_windows.cpp:3600), pid=17468, tid=17876
#
# JRE version: Java(TM) SE Runtime Environment (21.0.1+12) (build 21.0.1+12-LTS-29)
# Java VM: Java HotSpot(TM) 64-Bit Server VM (21.0.1+12-LTS-29, mixed mode, sharing, tiered, compressed oops, compressed class ptrs, g1 gc, windows-amd64)
# No core dump will be written. Minidumps are not enabled by default on client versions of Windows
#

---------------  S U M M A R Y ------------

Command Line: -javaagent:C:\Program Files\JetBrains\IntelliJ IDEA Community Edition 2024.2.0.1\lib\idea_rt.jar=56736:C:\Program Files\JetBrains\IntelliJ IDEA Community Edition 2024.2.0.1\bin -Dfile.encoding=UTF-8 -Dsun.stdout.encoding=UTF-8 -Dsun.stderr.encoding=UTF-8 Main

Host: Intel(R) Core(TM) i5-8350U CPU @ 1.70GHz, 8 cores, 15G,  Windows 10 , 64 bit Build 19041 (10.0.19041.4717)
Time: Thu Oct 10 12:23:19 2024 Pakistan Standard Time elapsed time: 1.582488 seconds (0d 0h 0m 1s)

---------------  T H R E A D  ---------------

Current thread (0x0000021ee711c410):  VMThread "VM Thread"          [id=17876, stack(0x000000663f500000,0x000000663f600000) (1024K)]

Stack: [0x000000663f500000,0x000000663f600000]
Native frames: (J=compiled Java code, j=interpreted, Vv=VM code, C=native code)
V  [jvm.dll+0x6c9029]
V  [jvm.dll+0x854b81]
V  [jvm.dll+0x856e5e]
V  [jvm.dll+0x857543]
V  [jvm.dll+0x280c06]
V  [jvm.dll+0x6c5715]
V  [jvm.dll+0x6ba10a]
V  [jvm.dll+0x3557ea]
V  [jvm.dll+0x35d436]
V  [jvm.dll+0x3ae1be]
V  [jvm.dll+0x3ae468]
V  [jvm.dll+0x3291fc]
V  [jvm.dll+0x329287]
V  [jvm.dll+0x36db3c]
V  [jvm.dll+0x36c33d]
V  [jvm.dll+0x328971]
V  [jvm.dll+0x36ba4a]
V  [jvm.dll+0x85d048]
V  [jvm.dll+0x85e144]
V  [jvm.dll+0x85e680]
V  [jvm.dll+0x85e923]
V  [jvm.dll+0x7fd728]
V  [jvm.dll+0x6c777d]
C  [ucrtbase.dll+0x21bb2]
C  [KERNEL32.DLL+0x17374]
C  [ntdll.dll+0x4cc91]

VM_Operation (0x000000663eefd820): G1CollectForAllocation, mode: safepoint, requested by thread 0x0000021ec5e029c0


---------------  P R O C E S S  ---------------

Threads class SMR info:
_java_thread_list=0x0000021eecd9f860, length=14, elements={
0x0000021ec5e029c0, 0x0000021ee713a320, 0x0000021ee713c200, 0x0000021ee713ed60,
0x0000021ee7141980, 0x0000021ee7142d30, 0x0000021ee71444d0, 0x0000021ee71490b0,
0x0000021ee714d310, 0x0000021ee7104f50, 0x0000021ee746a770, 0x0000021ee746b1e0,
0x0000021eec85bc50, 0x0000021eec8f1280
}

Java Threads: ( => current thread )
  0x0000021ec5e029c0 JavaThread "main"                              [_thread_blocked, id=3216, stack(0x000000663ee00000,0x000000663ef00000) (1024K)]
  0x0000021ee713a320 JavaThread "Reference Handler"          daemon [_thread_blocked, id=20844, stack(0x000000663f600000,0x000000663f700000) (1024K)]
  0x0000021ee713c200 JavaThread "Finalizer"                  daemon [_thread_blocked, id=20996, stack(0x000000663f700000,0x000000663f800000) (1024K)]
  0x0000021ee713ed60 JavaThread "Signal Dispatcher"          daemon [_thread_blocked, id=13020, stack(0x000000663f800000,0x000000663f900000) (1024K)]
  0x0000021ee7141980 JavaThread "Attach Listener"            daemon [_thread_blocked, id=15136, stack(0x000000663f900000,0x000000663fa00000) (1024K)]
  0x0000021ee7142d30 JavaThread "Service Thread"             daemon [_thread_blocked, id=19788, stack(0x000000663fa00000,0x000000663fb00000) (1024K)]
  0x0000021ee71444d0 JavaThread "Monitor Deflation Thread"   daemon [_thread_blocked, id=7340, stack(0x000000663fb00000,0x000000663fc00000) (1024K)]
  0x0000021ee71490b0 JavaThread "C2 CompilerThread0"         daemon [_thread_blocked, id=19592, stack(0x000000663fc00000,0x000000663fd00000) (1024K)]
  0x0000021ee714d310 JavaThread "C1 CompilerThread0"         daemon [_thread_blocked, id=16792, stack(0x000000663fd00000,0x000000663fe00000) (1024K)]
  0x0000021ee7104f50 JavaThread "Common-Cleaner"             daemon [_thread_blocked, id=20980, stack(0x000000663fe00000,0x000000663ff00000) (1024K)]
  0x0000021ee746a770 JavaThread "Monitor Ctrl-Break"         daemon [_thread_in_native, id=280, stack(0x000000663ff00000,0x0000006640000000) (1024K)]
  0x0000021ee746b1e0 JavaThread "Notification Thread"        daemon [_thread_blocked, id=13068, stack(0x0000006640000000,0x0000006640100000) (1024K)]
  0x0000021eec85bc50 JavaThread "C2 CompilerThread1"         daemon [_thread_blocked, id=17052, stack(0x0000006640100000,0x0000006640200000) (1024K)]
  0x0000021eec8f1280 JavaThread "C2 CompilerThread2"         daemon [_thread_blocked, id=9800, stack(0x0000006640200000,0x0000006640300000) (1024K)]
Total: 14

Other Threads:
=>0x0000021ee711c410 VMThread "VM Thread"                           [id=17876, stack(0x000000663f500000,0x000000663f600000) (1024K)]
  0x0000021ee71042c0 WatcherThread "VM Periodic Task Thread"        [id=14580, stack(0x000000663f400000,0x000000663f500000) (1024K)]
  0x0000021ec60c0970 WorkerThread "GC Thread#0"                     [id=20516, stack(0x000000663ef00000,0x000000663f000000) (1024K)]
  0x0000021ee7bda200 WorkerThread "GC Thread#1"                     [id=4028, stack(0x0000006640300000,0x0000006640400000) (1024K)]
  0x0000021ee7bda5a0 WorkerThread "GC Thread#2"                     [id=12212, stack(0x0000006640400000,0x0000006640500000) (1024K)]
  0x0000021ee7633720 WorkerThread "GC Thread#3"                     [id=9164, stack(0x0000006640500000,0x0000006640600000) (1024K)]
  0x0000021ee76dc4d0 WorkerThread "GC Thread#4"                     [id=20884, stack(0x0000006640600000,0x0000006640700000) (1024K)]
  0x0000021ee7633ac0 WorkerThread "GC Thread#5"                     [id=11996, stack(0x0000006640700000,0x0000006640800000) (1024K)]
  0x0000021eeca34970 WorkerThread "GC Thread#6"                     [id=12420, stack(0x0000006640800000,0x0000006640900000) (1024K)]
  0x0000021eed1b1010 WorkerThread "GC Thread#7"                     [id=11988, stack(0x0000006640900000,0x0000006640a00000) (1024K)]
  0x0000021ec60d17d0 ConcurrentGCThread "G1 Main Marker"            [id=19848, stack(0x000000663f000000,0x000000663f100000) (1024K)]
  0x0000021ec60d2970 WorkerThread "G1 Conc#0"                       [id=13264, stack(0x000000663f100000,0x000000663f200000) (1024K)]
  0x0000021ee6fd60f0 ConcurrentGCThread "G1 Refine#0"               [id=18792, stack(0x000000663f200000,0x000000663f300000) (1024K)]
  0x0000021ee6fd6910 ConcurrentGCThread "G1 Service"                [id=5552, stack(0x000000663f300000,0x000000663f400000) (1024K)]
Total: 14

Threads with active compile tasks:
Total: 0

VM state: at safepoint (normal execution)

VM Mutex/Monitor currently owned by a thread:  ([mutex/lock_event])
[0x00007ffb0884a5f8] Threads_lock - owner thread: 0x0000021ee711c410
[0x00007ffb0884a6f8] Heap_lock - owner thread: 0x0000021ec5e029c0

Heap address: 0x0000000702200000, size: 4062 MB, Compressed Oops mode: Zero based, Oop shift amount: 3

CDS archive(s) mapped at: [0x0000021e80000000-0x0000021e80c90000-0x0000021e80c90000), size 13172736, SharedBaseAddress: 0x0000021e80000000, ArchiveRelocationMode: 1.
Compressed class space mapped at: 0x0000021e81000000-0x0000021ec1000000, reserved size: 1073741824
Narrow klass base: 0x0000021e80000000, Narrow klass shift: 0, Narrow klass range: 0x100000000

GC Precious Log:
 CardTable entry size: 512
 Card Set container configuration: InlinePtr #cards 4 size 8 Array Of Cards #cards 16 size 48 Howl #buckets 8 coarsen threshold 3686 Howl Bitmap #cards 512 size 80 coarsen threshold 460 Card regions per heap region 1 cards per card region 4096
 CPUs: 8 total, 8 available
 Memory: 16242M
 Large Page Support: Disabled
 NUMA Support: Disabled
 Compressed Oops: Enabled (Zero based)
 Heap Region Size: 2M
 Heap Min Capacity: 8M
 Heap Initial Capacity: 254M
 Heap Max Capacity: 4062M
 Pre-touch: Disabled
 Parallel Workers: 8
 Concurrent Workers: 2
 Concurrent Refinement Workers: 8
 Periodic GC: Disabled

Heap:
 garbage-first heap   total 567296K, used 196608K [0x0000000702200000, 0x0000000800000000)
  region size 2048K, 10 young (20480K), 10 survivors (20480K)
 Metaspace       used 1662K, committed 1920K, reserved 1114112K
  class space    used 142K, committed 256K, reserved 1048576K

Heap Regions: E=young(eden), S=young(survivor), O=old, HS=humongous(starts), HC=humongous(continues), CS=collection set, F=free, TAMS=top-at-mark-start, PB=parsable bottom
|   0|0x0000000702200000, 0x0000000702400000, 0x0000000702400000|100%| O|  |TAMS 0x0000000702200000| PB 0x0000000702200000| Untracked 
|   1|0x0000000702400000, 0x0000000702600000, 0x0000000702600000|100%| O|  |TAMS 0x0000000702400000| PB 0x0000000702400000| Untracked 
|   2|0x0000000702600000, 0x0000000702800000, 0x0000000702800000|100%| O|  |TAMS 0x0000000702600000| PB 0x0000000702600000| Untracked 
|   3|0x0000000702800000, 0x0000000702a00000, 0x0000000702a00000|100%| O|  |TAMS 0x0000000702800000| PB 0x0000000702800000| Untracked 
|   4|0x0000000702a00000, 0x0000000702c00000, 0x0000000702c00000|100%| O|  |TAMS 0x0000000702a00000| PB 0x0000000702a00000| Untracked 
|   5|0x0000000702c00000, 0x0000000702e00000, 0x0000000702e00000|100%| O|  |TAMS 0x0000000702c00000| PB 0x0000000702c00000| Untracked 
|   6|0x0000000702e00000, 0x0000000703000000, 0x0000000703000000|100%| O|  |TAMS 0x0000000702e00000| PB 0x0000000702e00000| Untracked 
|   7|0x0000000703000000, 0x0000000703200000, 0x0000000703200000|100%| O|  |TAMS 0x0000000703000000| PB 0x0000000703000000| Untracked 
|   8|0x0000000703200000, 0x0000000703400000, 0x0000000703400000|100%| O|  |TAMS 0x0000000703200000| PB 0x0000000703200000| Untracked 
|   9|0x0000000703400000, 0x0000000703600000, 0x0000000703600000|100%| O|  |TAMS 0x0000000703400000| PB 0x0000000703400000| Untracked 
|  10|0x0000000703600000, 0x0000000703800000, 0x0000000703800000|100%| O|  |TAMS 0x0000000703600000| PB 0x0000000703600000| Untracked 
|  11|0x0000000703800000, 0x0000000703a00000, 0x0000000703a00000|100%| O|  |TAMS 0x0000000703800000| PB 0x0000000703800000| Untracked 
|  12|0x0000000703a00000, 0x0000000703c00000, 0x0000000703c00000|100%| O|  |TAMS 0x0000000703a00000| PB 0x0000000703a00000| Untracked 
|  13|0x0000000703c00000, 0x0000000703e00000, 0x0000000703e00000|100%| O|  |TAMS 0x0000000703c00000| PB 0x0000000703c00000| Untracked 
|  14|0x0000000703e00000, 0x0000000704000000, 0x0000000704000000|100%| O|  |TAMS 0x0000000703e00000| PB 0x0000000703e00000| Untracked 
|  15|0x0000000704000000, 0x0000000704200000, 0x0000000704200000|100%| O|  |TAMS 0x0000000704000000| PB 0x0000000704000000| Untracked 
|  16|0x0000000704200000, 0x0000000704400000, 0x0000000704400000|100%| O|  |TAMS 0x0000000704200000| PB 0x0000000704200000| Untracked 
|  17|0x0000000704400000, 0x0000000704600000, 0x0000000704600000|100%| O|  |TAMS 0x0000000704400000| PB 0x0000000704400000| Untracked 
|  18|0x0000000704600000, 0x0000000704800000, 0x0000000704800000|100%| O|  |TAMS 0x0000000704600000| PB 0x0000000704600000| Untracked 
|  19|0x0000000704800000, 0x0000000704a00000, 0x0000000704a00000|100%| O|  |TAMS 0x0000000704800000| PB 0x0000000704800000| Untracked 
|  20|0x0000000704a00000, 0x0000000704c00000, 0x0000000704c00000|100%| O|  |TAMS 0x0000000704a00000| PB 0x0000000704a00000| Untracked 
|  21|0x0000000704c00000, 0x0000000704e00000, 0x0000000704e00000|100%| O|  |TAMS 0x0000000704c00000| PB 0x0000000704c00000| Untracked 
|  22|0x0000000704e00000, 0x0000000705000000, 0x0000000705000000|100%| O|  |TAMS 0x0000000704e00000| PB 0x0000000704e00000| Untracked 
|  23|0x0000000705000000, 0x0000000705200000, 0x0000000705200000|100%| O|  |TAMS 0x0000000705000000| PB 0x0000000705000000| Untracked 
|  24|0x0000000705200000, 0x0000000705400000, 0x0000000705400000|100%| O|  |TAMS 0x0000000705200000| PB 0x0000000705200000| Untracked 
|  25|0x0000000705400000, 0x0000000705600000, 0x0000000705600000|100%| O|  |TAMS 0x0000000705400000| PB 0x0000000705400000| Untracked 
|  26|0x0000000705600000, 0x0000000705800000, 0x0000000705800000|100%| O|  |TAMS 0x0000000705600000| PB 0x0000000705600000| Untracked 
|  27|0x0000000705800000, 0x0000000705a00000, 0x0000000705a00000|100%| O|  |TAMS 0x0000000705800000| PB 0x0000000705800000| Untracked 
|  28|0x0000000705a00000, 0x0000000705c00000, 0x0000000705c00000|100%| O|  |TAMS 0x0000000705a00000| PB 0x0000000705a00000| Untracked 
|  29|0x0000000705c00000, 0x0000000705e00000, 0x0000000705e00000|100%| O|  |TAMS 0x0000000705c00000| PB 0x0000000705c00000| Untracked 
|  30|0x0000000705e00000, 0x0000000706000000, 0x0000000706000000|100%| O|  |TAMS 0x0000000705e00000| PB 0x0000000705e00000| Untracked 
|  31|0x0000000706000000, 0x0000000706200000, 0x0000000706200000|100%| O|  |TAMS 0x0000000706000000| PB 0x0000000706000000| Untracked 
|  32|0x0000000706200000, 0x0000000706400000, 0x0000000706400000|100%| O|  |TAMS 0x0000000706200000| PB 0x0000000706200000| Untracked 
|  33|0x0000000706400000, 0x0000000706600000, 0x0000000706600000|100%| O|  |TAMS 0x0000000706400000| PB 0x0000000706400000| Untracked 
|  34|0x0000000706600000, 0x0000000706800000, 0x0000000706800000|100%| O|  |TAMS 0x0000000706600000| PB 0x0000000706600000| Untracked 
|  35|0x0000000706800000, 0x0000000706a00000, 0x0000000706a00000|100%| O|  |TAMS 0x0000000706800000| PB 0x0000000706800000| Untracked 
|  36|0x0000000706a00000, 0x0000000706c00000, 0x0000000706c00000|100%| O|  |TAMS 0x0000000706a00000| PB 0x0000000706a00000| Untracked 
|  37|0x0000000706c00000, 0x0000000706e00000, 0x0000000706e00000|100%| O|  |TAMS 0x0000000706c00000| PB 0x0000000706c00000| Untracked 
|  38|0x0000000706e00000, 0x0000000707000000, 0x0000000707000000|100%| O|  |TAMS 0x0000000706e00000| PB 0x0000000706e00000| Untracked 
|  39|0x0000000707000000, 0x0000000707200000, 0x0000000707200000|100%| O|  |TAMS 0x0000000707000000| PB 0x0000000707000000| Untracked 
|  40|0x0000000707200000, 0x0000000707400000, 0x0000000707400000|100%| O|  |TAMS 0x0000000707200000| PB 0x0000000707200000| Untracked 
|  41|0x0000000707400000, 0x0000000707600000, 0x0000000707600000|100%| O|  |TAMS 0x0000000707400000| PB 0x0000000707400000| Untracked 
|  42|0x0000000707600000, 0x0000000707800000, 0x0000000707800000|100%| O|  |TAMS 0x0000000707600000| PB 0x0000000707600000| Untracked 
|  43|0x0000000707800000, 0x0000000707a00000, 0x0000000707a00000|100%| O|  |TAMS 0x0000000707800000| PB 0x0000000707800000| Untracked 
|  44|0x0000000707a00000, 0x0000000707c00000, 0x0000000707c00000|100%| O|  |TAMS 0x0000000707a00000| PB 0x0000000707a00000| Untracked 
|  45|0x0000000707c00000, 0x0000000707e00000, 0x0000000707e00000|100%| O|  |TAMS 0x0000000707c00000| PB 0x0000000707c00000| Untracked 
|  46|0x0000000707e00000, 0x0000000708000000, 0x0000000708000000|100%| O|  |TAMS 0x0000000707e00000| PB 0x0000000707e00000| Untracked 
|  47|0x0000000708000000, 0x0000000708200000, 0x0000000708200000|100%| O|  |TAMS 0x0000000708000000| PB 0x0000000708000000| Untracked 
|  48|0x0000000708200000, 0x0000000708400000, 0x0000000708400000|100%| O|  |TAMS 0x0000000708200000| PB 0x0000000708200000| Untracked 
|  49|0x0000000708400000, 0x0000000708600000, 0x0000000708600000|100%| O|  |TAMS 0x0000000708400000| PB 0x0000000708400000| Untracked 
|  50|0x0000000708600000, 0x0000000708800000, 0x0000000708800000|100%| O|  |TAMS 0x0000000708600000| PB 0x0000000708600000| Untracked 
|  51|0x0000000708800000, 0x0000000708a00000, 0x0000000708a00000|100%| O|  |TAMS 0x0000000708800000| PB 0x0000000708800000| Untracked 
|  52|0x0000000708a00000, 0x0000000708c00000, 0x0000000708c00000|100%| O|  |TAMS 0x0000000708a00000| PB 0x0000000708a00000| Untracked 
|  53|0x0000000708c00000, 0x0000000708e00000, 0x0000000708e00000|100%| O|  |TAMS 0x0000000708c00000| PB 0x0000000708c00000| Untracked 
|  54|0x0000000708e00000, 0x0000000709000000, 0x0000000709000000|100%| O|  |TAMS 0x0000000708e00000| PB 0x0000000708e00000| Untracked 
|  55|0x0000000709000000, 0x0000000709200000, 0x0000000709200000|100%| O|  |TAMS 0x0000000709000000| PB 0x0000000709000000| Untracked 
|  56|0x0000000709200000, 0x0000000709400000, 0x0000000709400000|100%| O|  |TAMS 0x0000000709200000| PB 0x0000000709200000| Untracked 
|  57|0x0000000709400000, 0x0000000709600000, 0x0000000709600000|100%| O|  |TAMS 0x0000000709400000| PB 0x0000000709400000| Untracked 
|  58|0x0000000709600000, 0x0000000709800000, 0x0000000709800000|100%| O|  |TAMS 0x0000000709600000| PB 0x0000000709600000| Untracked 
|  59|0x0000000709800000, 0x0000000709a00000, 0x0000000709a00000|100%| O|  |TAMS 0x0000000709800000| PB 0x0000000709800000| Untracked 
|  60|0x0000000709a00000, 0x0000000709c00000, 0x0000000709c00000|100%| O|  |TAMS 0x0000000709a00000| PB 0x0000000709a00000| Untracked 
|  61|0x0000000709c00000, 0x0000000709e00000, 0x0000000709e00000|100%| O|  |TAMS 0x0000000709c00000| PB 0x0000000709c00000| Untracked 
|  62|0x0000000709e00000, 0x000000070a000000, 0x000000070a000000|100%| O|  |TAMS 0x0000000709e00000| PB 0x0000000709e00000| Untracked 
|  63|0x000000070a000000, 0x000000070a200000, 0x000000070a200000|100%| O|  |TAMS 0x000000070a000000| PB 0x000000070a000000| Untracked 
|  64|0x000000070a200000, 0x000000070a400000, 0x000000070a400000|100%| O|  |TAMS 0x000000070a200000| PB 0x000000070a200000| Untracked 
|  65|0x000000070a400000, 0x000000070a600000, 0x000000070a600000|100%| O|  |TAMS 0x000000070a400000| PB 0x000000070a400000| Untracked 
|  66|0x000000070a600000, 0x000000070a800000, 0x000000070a800000|100%| O|  |TAMS 0x000000070a600000| PB 0x000000070a600000| Untracked 
|  67|0x000000070a800000, 0x000000070aa00000, 0x000000070aa00000|100%| O|  |TAMS 0x000000070a800000| PB 0x000000070a800000| Untracked 
|  68|0x000000070aa00000, 0x000000070ac00000, 0x000000070ac00000|100%| O|  |TAMS 0x000000070aa00000| PB 0x000000070aa00000| Untracked 
|  69|0x000000070ac00000, 0x000000070ae00000, 0x000000070ae00000|100%| O|  |TAMS 0x000000070ac00000| PB 0x000000070ac00000| Untracked 
|  70|0x000000070ae00000, 0x000000070b000000, 0x000000070b000000|100%| O|  |TAMS 0x000000070ae00000| PB 0x000000070ae00000| Untracked 
|  71|0x000000070b000000, 0x000000070b200000, 0x000000070b200000|100%| O|  |TAMS 0x000000070b000000| PB 0x000000070b000000| Untracked 
|  72|0x000000070b200000, 0x000000070b400000, 0x000000070b400000|100%| O|  |TAMS 0x000000070b200000| PB 0x000000070b200000| Untracked 
|  73|0x000000070b400000, 0x000000070b600000, 0x000000070b600000|100%| O|  |TAMS 0x000000070b400000| PB 0x000000070b400000| Untracked 
|  74|0x000000070b600000, 0x000000070b800000, 0x000000070b800000|100%| O|  |TAMS 0x000000070b600000| PB 0x000000070b600000| Untracked 
|  75|0x000000070b800000, 0x000000070ba00000, 0x000000070ba00000|100%| O|  |TAMS 0x000000070b800000| PB 0x000000070b800000| Untracked 
|  76|0x000000070ba00000, 0x000000070bc00000, 0x000000070bc00000|100%| O|  |TAMS 0x000000070ba00000| PB 0x000000070ba00000| Untracked 
|  77|0x000000070bc00000, 0x000000070be00000, 0x000000070be00000|100%| O|  |TAMS 0x000000070bc00000| PB 0x000000070bc00000| Untracked 
|  78|0x000000070be00000, 0x000000070c000000, 0x000000070c000000|100%| O|  |TAMS 0x000000070be00000| PB 0x000000070be00000| Untracked 
|  79|0x000000070c000000, 0x000000070c200000, 0x000000070c200000|100%| O|  |TAMS 0x000000070c000000| PB 0x000000070c000000| Untracked 
|  80|0x000000070c200000, 0x000000070c400000, 0x000000070c400000|100%| O|  |TAMS 0x000000070c200000| PB 0x000000070c200000| Untracked 
|  81|0x000000070c400000, 0x000000070c600000, 0x000000070c600000|100%| O|  |TAMS 0x000000070c400000| PB 0x000000070c400000| Untracked 
|  82|0x000000070c600000, 0x000000070c800000, 0x000000070c800000|100%| O|  |TAMS 0x000000070c600000| PB 0x000000070c600000| Untracked 
|  83|0x000000070c800000, 0x000000070ca00000, 0x000000070ca00000|100%| O|  |TAMS 0x000000070c800000| PB 0x000000070c800000| Untracked 
|  84|0x000000070ca00000, 0x000000070cc00000, 0x000000070cc00000|100%| O|  |TAMS 0x000000070ca00000| PB 0x000000070ca00000| Untracked 
|  85|0x000000070cc00000, 0x000000070ce00000, 0x000000070ce00000|100%| O|  |TAMS 0x000000070cc00000| PB 0x000000070cc00000| Untracked 
|  86|0x000000070ce00000, 0x000000070ce00000, 0x000000070d000000|  0%| F|  |TAMS 0x000000070ce00000| PB 0x000000070ce00000| Untracked 
|  87|0x000000070d000000, 0x000000070d000000, 0x000000070d200000|  0%| F|  |TAMS 0x000000070d000000| PB 0x000000070d000000| Untracked 
|  88|0x000000070d200000, 0x000000070d200000, 0x000000070d400000|  0%| F|  |TAMS 0x000000070d200000| PB 0x000000070d200000| Untracked 
|  89|0x000000070d400000, 0x000000070d400000, 0x000000070d600000|  0%| F|  |TAMS 0x000000070d400000| PB 0x000000070d400000| Untracked 
|  90|0x000000070d600000, 0x000000070d600000, 0x000000070d800000|  0%| F|  |TAMS 0x000000070d600000| PB 0x000000070d600000| Untracked 
|  91|0x000000070d800000, 0x000000070d800000, 0x000000070da00000|  0%| F|  |TAMS 0x000000070d800000| PB 0x000000070d800000| Untracked 
|  92|0x000000070da00000, 0x000000070da00000, 0x000000070dc00000|  0%| F|  |TAMS 0x000000070da00000| PB 0x000000070da00000| Untracked 
|  93|0x000000070dc00000, 0x000000070dc00000, 0x000000070de00000|  0%| F|  |TAMS 0x000000070dc00000| PB 0x000000070dc00000| Untracked 
|  94|0x000000070de00000, 0x000000070de00000, 0x000000070e000000|  0%| F|  |TAMS 0x000000070de00000| PB 0x000000070de00000| Untracked 
|  95|0x000000070e000000, 0x000000070e000000, 0x000000070e200000|  0%| F|  |TAMS 0x000000070e000000| PB 0x000000070e000000| Untracked 
|  96|0x000000070e200000, 0x000000070e200000, 0x000000070e400000|  0%| F|  |TAMS 0x000000070e200000| PB 0x000000070e200000| Untracked 
|  97|0x000000070e400000, 0x000000070e400000, 0x000000070e600000|  0%| F|  |TAMS 0x000000070e400000| PB 0x000000070e400000| Untracked 
|  98|0x000000070e600000, 0x000000070e600000, 0x000000070e800000|  0%| F|  |TAMS 0x000000070e600000| PB 0x000000070e600000| Untracked 
|  99|0x000000070e800000, 0x000000070e800000, 0x000000070ea00000|  0%| F|  |TAMS 0x000000070e800000| PB 0x000000070e800000| Untracked 
| 100|0x000000070ea00000, 0x000000070ea00000, 0x000000070ec00000|  0%| F|  |TAMS 0x000000070ea00000| PB 0x000000070ea00000| Untracked 
| 101|0x000000070ec00000, 0x000000070ec00000, 0x000000070ee00000|  0%| F|  |TAMS 0x000000070ec00000| PB 0x000000070ec00000| Untracked 
| 102|0x000000070ee00000, 0x000000070ee00000, 0x000000070f000000|  0%| F|  |TAMS 0x000000070ee00000| PB 0x000000070ee00000| Untracked 
| 103|0x000000070f000000, 0x000000070f000000, 0x000000070f200000|  0%| F|  |TAMS 0x000000070f000000| PB 0x000000070f000000| Untracked 
| 104|0x000000070f200000, 0x000000070f200000, 0x000000070f400000|  0%| F|  |TAMS 0x000000070f200000| PB 0x000000070f200000| Untracked 
| 105|0x000000070f400000, 0x000000070f400000, 0x000000070f600000|  0%| F|  |TAMS 0x000000070f400000| PB 0x000000070f400000| Untracked 
| 106|0x000000070f600000, 0x000000070f600000, 0x000000070f800000|  0%| F|  |TAMS 0x000000070f600000| PB 0x000000070f600000| Untracked 
| 107|0x000000070f800000, 0x000000070f800000, 0x000000070fa00000|  0%| F|  |TAMS 0x000000070f800000| PB 0x000000070f800000| Untracked 
| 108|0x000000070fa00000, 0x000000070fa00000, 0x000000070fc00000|  0%| F|  |TAMS 0x000000070fa00000| PB 0x000000070fa00000| Untracked 
| 109|0x000000070fc00000, 0x000000070fc00000, 0x000000070fe00000|  0%| F|  |TAMS 0x000000070fc00000| PB 0x000000070fc00000| Untracked 
| 110|0x000000070fe00000, 0x000000070fe00000, 0x0000000710000000|  0%| F|  |TAMS 0x000000070fe00000| PB 0x000000070fe00000| Untracked 
| 111|0x0000000710000000, 0x0000000710000000, 0x0000000710200000|  0%| F|  |TAMS 0x0000000710000000| PB 0x0000000710000000| Untracked 
| 112|0x0000000710200000, 0x0000000710200000, 0x0000000710400000|  0%| F|  |TAMS 0x0000000710200000| PB 0x0000000710200000| Untracked 
| 113|0x0000000710400000, 0x0000000710400000, 0x0000000710600000|  0%| F|  |TAMS 0x0000000710400000| PB 0x0000000710400000| Untracked 
| 114|0x0000000710600000, 0x0000000710600000, 0x0000000710800000|  0%| F|  |TAMS 0x0000000710600000| PB 0x0000000710600000| Untracked 
| 115|0x0000000710800000, 0x0000000710800000, 0x0000000710a00000|  0%| F|  |TAMS 0x0000000710800000| PB 0x0000000710800000| Untracked 
| 116|0x0000000710a00000, 0x0000000710a00000, 0x0000000710c00000|  0%| F|  |TAMS 0x0000000710a00000| PB 0x0000000710a00000| Untracked 
| 117|0x0000000710c00000, 0x0000000710c00000, 0x0000000710e00000|  0%| F|  |TAMS 0x0000000710c00000| PB 0x0000000710c00000| Untracked 
| 118|0x0000000710e00000, 0x0000000710e00000, 0x0000000711000000|  0%| F|  |TAMS 0x0000000710e00000| PB 0x0000000710e00000| Untracked 
| 119|0x0000000711000000, 0x0000000711000000, 0x0000000711200000|  0%| F|  |TAMS 0x0000000711000000| PB 0x0000000711000000| Untracked 
| 120|0x0000000711200000, 0x0000000711200000, 0x0000000711400000|  0%| F|  |TAMS 0x0000000711200000| PB 0x0000000711200000| Untracked 
| 121|0x0000000711400000, 0x0000000711400000, 0x0000000711600000|  0%| F|  |TAMS 0x0000000711400000| PB 0x0000000711400000| Untracked 
| 122|0x0000000711600000, 0x0000000711600000, 0x0000000711800000|  0%| F|  |TAMS 0x0000000711600000| PB 0x0000000711600000| Untracked 
| 123|0x0000000711800000, 0x0000000711800000, 0x0000000711a00000|  0%| F|  |TAMS 0x0000000711800000| PB 0x0000000711800000| Untracked 
| 124|0x0000000711a00000, 0x0000000711a00000, 0x0000000711c00000|  0%| F|  |TAMS 0x0000000711a00000| PB 0x0000000711a00000| Untracked 
| 125|0x0000000711c00000, 0x0000000711c00000, 0x0000000711e00000|  0%| F|  |TAMS 0x0000000711c00000| PB 0x0000000711c00000| Untracked 
| 126|0x0000000711e00000, 0x0000000711e00000, 0x0000000712000000|  0%| F|  |TAMS 0x0000000711e00000| PB 0x0000000711e00000| Untracked 
| 127|0x0000000712000000, 0x0000000712000000, 0x0000000712200000|  0%| F|  |TAMS 0x0000000712000000| PB 0x0000000712000000| Untracked 
| 128|0x0000000712200000, 0x0000000712200000, 0x0000000712400000|  0%| F|  |TAMS 0x0000000712200000| PB 0x0000000712200000| Untracked 
| 129|0x0000000712400000, 0x0000000712400000, 0x0000000712600000|  0%| F|  |TAMS 0x0000000712400000| PB 0x0000000712400000| Untracked 
| 130|0x0000000712600000, 0x0000000712600000, 0x0000000712800000|  0%| F|  |TAMS 0x0000000712600000| PB 0x0000000712600000| Untracked 
| 131|0x0000000712800000, 0x0000000712800000, 0x0000000712a00000|  0%| F|  |TAMS 0x0000000712800000| PB 0x0000000712800000| Untracked 
| 132|0x0000000712a00000, 0x0000000712a00000, 0x0000000712c00000|  0%| F|  |TAMS 0x0000000712a00000| PB 0x0000000712a00000| Untracked 
| 133|0x0000000712c00000, 0x0000000712c00000, 0x0000000712e00000|  0%| F|  |TAMS 0x0000000712c00000| PB 0x0000000712c00000| Untracked 
| 134|0x0000000712e00000, 0x0000000712e00000, 0x0000000713000000|  0%| F|  |TAMS 0x0000000712e00000| PB 0x0000000712e00000| Untracked 
| 135|0x0000000713000000, 0x0000000713000000, 0x0000000713200000|  0%| F|  |TAMS 0x0000000713000000| PB 0x0000000713000000| Untracked 
| 136|0x0000000713200000, 0x0000000713200000, 0x0000000713400000|  0%| F|  |TAMS 0x0000000713200000| PB 0x0000000713200000| Untracked 
| 137|0x0000000713400000, 0x0000000713400000, 0x0000000713600000|  0%| F|  |TAMS 0x0000000713400000| PB 0x0000000713400000| Untracked 
| 138|0x0000000713600000, 0x0000000713600000, 0x0000000713800000|  0%| F|  |TAMS 0x0000000713600000| PB 0x0000000713600000| Untracked 
| 139|0x0000000713800000, 0x0000000713800000, 0x0000000713a00000|  0%| F|  |TAMS 0x0000000713800000| PB 0x0000000713800000| Untracked 
| 140|0x0000000713a00000, 0x0000000713a00000, 0x0000000713c00000|  0%| F|  |TAMS 0x0000000713a00000| PB 0x0000000713a00000| Untracked 
| 141|0x0000000713c00000, 0x0000000713c00000, 0x0000000713e00000|  0%| F|  |TAMS 0x0000000713c00000| PB 0x0000000713c00000| Untracked 
| 142|0x0000000713e00000, 0x0000000713e00000, 0x0000000714000000|  0%| F|  |TAMS 0x0000000713e00000| PB 0x0000000713e00000| Untracked 
| 143|0x0000000714000000, 0x0000000714000000, 0x0000000714200000|  0%| F|  |TAMS 0x0000000714000000| PB 0x0000000714000000| Untracked 
| 144|0x0000000714200000, 0x0000000714200000, 0x0000000714400000|  0%| F|  |TAMS 0x0000000714200000| PB 0x0000000714200000| Untracked 
| 145|0x0000000714400000, 0x0000000714400000, 0x0000000714600000|  0%| F|  |TAMS 0x0000000714400000| PB 0x0000000714400000| Untracked 
| 146|0x0000000714600000, 0x0000000714600000, 0x0000000714800000|  0%| F|  |TAMS 0x0000000714600000| PB 0x0000000714600000| Untracked 
| 147|0x0000000714800000, 0x0000000714800000, 0x0000000714a00000|  0%| F|  |TAMS 0x0000000714800000| PB 0x0000000714800000| Untracked 
| 148|0x0000000714a00000, 0x0000000714a00000, 0x0000000714c00000|  0%| F|  |TAMS 0x0000000714a00000| PB 0x0000000714a00000| Untracked 
| 149|0x0000000714c00000, 0x0000000714c00000, 0x0000000714e00000|  0%| F|  |TAMS 0x0000000714c00000| PB 0x0000000714c00000| Untracked 
| 150|0x0000000714e00000, 0x0000000714e00000, 0x0000000715000000|  0%| F|  |TAMS 0x0000000714e00000| PB 0x0000000714e00000| Untracked 
| 151|0x0000000715000000, 0x0000000715000000, 0x0000000715200000|  0%| F|  |TAMS 0x0000000715000000| PB 0x0000000715000000| Untracked 
| 152|0x0000000715200000, 0x0000000715200000, 0x0000000715400000|  0%| F|  |TAMS 0x0000000715200000| PB 0x0000000715200000| Untracked 
| 153|0x0000000715400000, 0x0000000715400000, 0x0000000715600000|  0%| F|  |TAMS 0x0000000715400000| PB 0x0000000715400000| Untracked 
| 154|0x0000000715600000, 0x0000000715600000, 0x0000000715800000|  0%| F|  |TAMS 0x0000000715600000| PB 0x0000000715600000| Untracked 
| 155|0x0000000715800000, 0x0000000715800000, 0x0000000715a00000|  0%| F|  |TAMS 0x0000000715800000| PB 0x0000000715800000| Untracked 
| 156|0x0000000715a00000, 0x0000000715a00000, 0x0000000715c00000|  0%| F|  |TAMS 0x0000000715a00000| PB 0x0000000715a00000| Untracked 
| 157|0x0000000715c00000, 0x0000000715c00000, 0x0000000715e00000|  0%| F|  |TAMS 0x0000000715c00000| PB 0x0000000715c00000| Untracked 
| 158|0x0000000715e00000, 0x0000000715e00000, 0x0000000716000000|  0%| F|  |TAMS 0x0000000715e00000| PB 0x0000000715e00000| Untracked 
| 159|0x0000000716000000, 0x0000000716000000, 0x0000000716200000|  0%| F|  |TAMS 0x0000000716000000| PB 0x0000000716000000| Untracked 
| 160|0x0000000716200000, 0x0000000716200000, 0x0000000716400000|  0%| F|  |TAMS 0x0000000716200000| PB 0x0000000716200000| Untracked 
| 161|0x0000000716400000, 0x0000000716400000, 0x0000000716600000|  0%| F|  |TAMS 0x0000000716400000| PB 0x0000000716400000| Untracked 
| 162|0x0000000716600000, 0x0000000716600000, 0x0000000716800000|  0%| F|  |TAMS 0x0000000716600000| PB 0x0000000716600000| Untracked 
| 163|0x0000000716800000, 0x0000000716800000, 0x0000000716a00000|  0%| F|  |TAMS 0x0000000716800000| PB 0x0000000716800000| Untracked 
| 164|0x0000000716a00000, 0x0000000716a00000, 0x0000000716c00000|  0%| F|  |TAMS 0x0000000716a00000| PB 0x0000000716a00000| Untracked 
| 165|0x0000000716c00000, 0x0000000716c00000, 0x0000000716e00000|  0%| F|  |TAMS 0x0000000716c00000| PB 0x0000000716c00000| Untracked 
| 166|0x0000000716e00000, 0x0000000716e00000, 0x0000000717000000|  0%| F|  |TAMS 0x0000000716e00000| PB 0x0000000716e00000| Untracked 
| 167|0x0000000717000000, 0x0000000717000000, 0x0000000717200000|  0%| F|  |TAMS 0x0000000717000000| PB 0x0000000717000000| Untracked 
| 168|0x0000000717200000, 0x0000000717200000, 0x0000000717400000|  0%| F|  |TAMS 0x0000000717200000| PB 0x0000000717200000| Untracked 
| 169|0x0000000717400000, 0x0000000717400000, 0x0000000717600000|  0%| F|  |TAMS 0x0000000717400000| PB 0x0000000717400000| Untracked 
| 170|0x0000000717600000, 0x0000000717600000, 0x0000000717800000|  0%| F|  |TAMS 0x0000000717600000| PB 0x0000000717600000| Untracked 
| 171|0x0000000717800000, 0x0000000717800000, 0x0000000717a00000|  0%| F|  |TAMS 0x0000000717800000| PB 0x0000000717800000| Untracked 
| 172|0x0000000717a00000, 0x0000000717a00000, 0x0000000717c00000|  0%| F|  |TAMS 0x0000000717a00000| PB 0x0000000717a00000| Untracked 
| 173|0x0000000717c00000, 0x0000000717c00000, 0x0000000717e00000|  0%| F|  |TAMS 0x0000000717c00000| PB 0x0000000717c00000| Untracked 
| 174|0x0000000717e00000, 0x0000000717e00000, 0x0000000718000000|  0%| F|  |TAMS 0x0000000717e00000| PB 0x0000000717e00000| Untracked 
| 175|0x0000000718000000, 0x0000000718000000, 0x0000000718200000|  0%| F|  |TAMS 0x0000000718000000| PB 0x0000000718000000| Untracked 
| 176|0x0000000718200000, 0x0000000718200000, 0x0000000718400000|  0%| F|  |TAMS 0x0000000718200000| PB 0x0000000718200000| Untracked 
| 177|0x0000000718400000, 0x0000000718400000, 0x0000000718600000|  0%| F|  |TAMS 0x0000000718400000| PB 0x0000000718400000| Untracked 
| 178|0x0000000718600000, 0x0000000718600000, 0x0000000718800000|  0%| F|  |TAMS 0x0000000718600000| PB 0x0000000718600000| Untracked 
| 179|0x0000000718800000, 0x0000000718800000, 0x0000000718a00000|  0%| F|  |TAMS 0x0000000718800000| PB 0x0000000718800000| Untracked 
| 180|0x0000000718a00000, 0x0000000718a00000, 0x0000000718c00000|  0%| F|  |TAMS 0x0000000718a00000| PB 0x0000000718a00000| Untracked 
| 181|0x0000000718c00000, 0x0000000718c00000, 0x0000000718e00000|  0%| F|  |TAMS 0x0000000718c00000| PB 0x0000000718c00000| Untracked 
| 182|0x0000000718e00000, 0x0000000718e00000, 0x0000000719000000|  0%| F|  |TAMS 0x0000000718e00000| PB 0x0000000718e00000| Untracked 
| 183|0x0000000719000000, 0x0000000719000000, 0x0000000719200000|  0%| F|  |TAMS 0x0000000719000000| PB 0x0000000719000000| Untracked 
| 184|0x0000000719200000, 0x0000000719200000, 0x0000000719400000|  0%| F|  |TAMS 0x0000000719200000| PB 0x0000000719200000| Untracked 
| 185|0x0000000719400000, 0x0000000719400000, 0x0000000719600000|  0%| F|  |TAMS 0x0000000719400000| PB 0x0000000719400000| Untracked 
| 186|0x0000000719600000, 0x0000000719600000, 0x0000000719800000|  0%| F|  |TAMS 0x0000000719600000| PB 0x0000000719600000| Untracked 
| 187|0x0000000719800000, 0x0000000719800000, 0x0000000719a00000|  0%| F|  |TAMS 0x0000000719800000| PB 0x0000000719800000| Untracked 
| 188|0x0000000719a00000, 0x0000000719a00000, 0x0000000719c00000|  0%| F|  |TAMS 0x0000000719a00000| PB 0x0000000719a00000| Untracked 
| 189|0x0000000719c00000, 0x0000000719c00000, 0x0000000719e00000|  0%| F|  |TAMS 0x0000000719c00000| PB 0x0000000719c00000| Untracked 
| 190|0x0000000719e00000, 0x000000071a000000, 0x000000071a000000|100%| S|CS|TAMS 0x0000000719e00000| PB 0x0000000719e00000| Complete 
| 191|0x000000071a000000, 0x000000071a200000, 0x000000071a200000|100%| S|CS|TAMS 0x000000071a000000| PB 0x000000071a000000| Complete 
| 192|0x000000071a200000, 0x000000071a400000, 0x000000071a400000|100%| S|CS|TAMS 0x000000071a200000| PB 0x000000071a200000| Complete 
| 193|0x000000071a400000, 0x000000071a600000, 0x000000071a600000|100%| S|CS|TAMS 0x000000071a400000| PB 0x000000071a400000| Complete 
| 194|0x000000071a600000, 0x000000071a800000, 0x000000071a800000|100%| S|CS|TAMS 0x000000071a600000| PB 0x000000071a600000| Complete 
| 195|0x000000071a800000, 0x000000071aa00000, 0x000000071aa00000|100%| S|CS|TAMS 0x000000071a800000| PB 0x000000071a800000| Complete 
| 196|0x000000071aa00000, 0x000000071ac00000, 0x000000071ac00000|100%| S|CS|TAMS 0x000000071aa00000| PB 0x000000071aa00000| Complete 
| 197|0x000000071ac00000, 0x000000071ae00000, 0x000000071ae00000|100%| S|CS|TAMS 0x000000071ac00000| PB 0x000000071ac00000| Complete 
| 198|0x000000071ae00000, 0x000000071b000000, 0x000000071b000000|100%| S|CS|TAMS 0x000000071ae00000| PB 0x000000071ae00000| Complete 
| 199|0x000000071b000000, 0x000000071b200000, 0x000000071b200000|100%| S|CS|TAMS 0x000000071b000000| PB 0x000000071b000000| Complete 
| 200|0x000000071b200000, 0x000000071b200000, 0x000000071b400000|  0%| F|  |TAMS 0x000000071b200000| PB 0x000000071b200000| Untracked 
| 201|0x000000071b400000, 0x000000071b400000, 0x000000071b600000|  0%| F|  |TAMS 0x000000071b400000| PB 0x000000071b400000| Untracked 
| 202|0x000000071b600000, 0x000000071b600000, 0x000000071b800000|  0%| F|  |TAMS 0x000000071b600000| PB 0x000000071b600000| Untracked 
| 203|0x000000071b800000, 0x000000071b800000, 0x000000071ba00000|  0%| F|  |TAMS 0x000000071b800000| PB 0x000000071b800000| Untracked 
| 204|0x000000071ba00000, 0x000000071ba00000, 0x000000071bc00000|  0%| F|  |TAMS 0x000000071ba00000| PB 0x000000071ba00000| Untracked 
| 205|0x000000071bc00000, 0x000000071bc00000, 0x000000071be00000|  0%| F|  |TAMS 0x000000071bc00000| PB 0x000000071bc00000| Untracked 
| 206|0x000000071be00000, 0x000000071be00000, 0x000000071c000000|  0%| F|  |TAMS 0x000000071be00000| PB 0x000000071be00000| Untracked 
| 207|0x000000071c000000, 0x000000071c000000, 0x000000071c200000|  0%| F|  |TAMS 0x000000071c000000| PB 0x000000071c000000| Untracked 
| 208|0x000000071c200000, 0x000000071c200000, 0x000000071c400000|  0%| F|  |TAMS 0x000000071c200000| PB 0x000000071c200000| Untracked 
| 209|0x000000071c400000, 0x000000071c400000, 0x000000071c600000|  0%| F|  |TAMS 0x000000071c400000| PB 0x000000071c400000| Untracked 
| 210|0x000000071c600000, 0x000000071c600000, 0x000000071c800000|  0%| F|  |TAMS 0x000000071c600000| PB 0x000000071c600000| Untracked 
| 211|0x000000071c800000, 0x000000071c800000, 0x000000071ca00000|  0%| F|  |TAMS 0x000000071c800000| PB 0x000000071c800000| Untracked 
| 212|0x000000071ca00000, 0x000000071ca00000, 0x000000071cc00000|  0%| F|  |TAMS 0x000000071ca00000| PB 0x000000071ca00000| Untracked 
| 213|0x000000071cc00000, 0x000000071cc00000, 0x000000071ce00000|  0%| F|  |TAMS 0x000000071cc00000| PB 0x000000071cc00000| Untracked 
| 214|0x000000071ce00000, 0x000000071ce00000, 0x000000071d000000|  0%| F|  |TAMS 0x000000071ce00000| PB 0x000000071ce00000| Untracked 
| 215|0x000000071d000000, 0x000000071d000000, 0x000000071d200000|  0%| F|  |TAMS 0x000000071d000000| PB 0x000000071d000000| Untracked 
| 216|0x000000071d200000, 0x000000071d200000, 0x000000071d400000|  0%| F|  |TAMS 0x000000071d200000| PB 0x000000071d200000| Untracked 
| 217|0x000000071d400000, 0x000000071d400000, 0x000000071d600000|  0%| F|  |TAMS 0x000000071d400000| PB 0x000000071d400000| Untracked 
| 218|0x000000071d600000, 0x000000071d600000, 0x000000071d800000|  0%| F|  |TAMS 0x000000071d600000| PB 0x000000071d600000| Untracked 
| 219|0x000000071d800000, 0x000000071d800000, 0x000000071da00000|  0%| F|  |TAMS 0x000000071d800000| PB 0x000000071d800000| Untracked 
| 220|0x000000071da00000, 0x000000071da00000, 0x000000071dc00000|  0%| F|  |TAMS 0x000000071da00000| PB 0x000000071da00000| Untracked 
| 221|0x000000071dc00000, 0x000000071dc00000, 0x000000071de00000|  0%| F|  |TAMS 0x000000071dc00000| PB 0x000000071dc00000| Untracked 
| 222|0x000000071de00000, 0x000000071de00000, 0x000000071e000000|  0%| F|  |TAMS 0x000000071de00000| PB 0x000000071de00000| Untracked 
| 223|0x000000071e000000, 0x000000071e000000, 0x000000071e200000|  0%| F|  |TAMS 0x000000071e000000| PB 0x000000071e000000| Untracked 
| 224|0x000000071e200000, 0x000000071e200000, 0x000000071e400000|  0%| F|  |TAMS 0x000000071e200000| PB 0x000000071e200000| Untracked 
| 225|0x000000071e400000, 0x000000071e400000, 0x000000071e600000|  0%| F|  |TAMS 0x000000071e400000| PB 0x000000071e400000| Untracked 
| 226|0x000000071e600000, 0x000000071e600000, 0x000000071e800000|  0%| F|  |TAMS 0x000000071e600000| PB 0x000000071e600000| Untracked 
| 227|0x000000071e800000, 0x000000071e800000, 0x000000071ea00000|  0%| F|  |TAMS 0x000000071e800000| PB 0x000000071e800000| Untracked 
| 228|0x000000071ea00000, 0x000000071ea00000, 0x000000071ec00000|  0%| F|  |TAMS 0x000000071ea00000| PB 0x000000071ea00000| Untracked 
| 229|0x000000071ec00000, 0x000000071ec00000, 0x000000071ee00000|  0%| F|  |TAMS 0x000000071ec00000| PB 0x000000071ec00000| Untracked 
| 230|0x000000071ee00000, 0x000000071ee00000, 0x000000071f000000|  0%| F|  |TAMS 0x000000071ee00000| PB 0x000000071ee00000| Untracked 
| 231|0x000000071f000000, 0x000000071f000000, 0x000000071f200000|  0%| F|  |TAMS 0x000000071f000000| PB 0x000000071f000000| Untracked 
| 232|0x000000071f200000, 0x000000071f200000, 0x000000071f400000|  0%| F|  |TAMS 0x000000071f200000| PB 0x000000071f200000| Untracked 
| 233|0x000000071f400000, 0x000000071f400000, 0x000000071f600000|  0%| F|  |TAMS 0x000000071f400000| PB 0x000000071f400000| Untracked 
| 234|0x000000071f600000, 0x000000071f600000, 0x000000071f800000|  0%| F|  |TAMS 0x000000071f600000| PB 0x000000071f600000| Untracked 
| 235|0x000000071f800000, 0x000000071f800000, 0x000000071fa00000|  0%| F|  |TAMS 0x000000071f800000| PB 0x000000071f800000| Untracked 
| 236|0x000000071fa00000, 0x000000071fa00000, 0x000000071fc00000|  0%| F|  |TAMS 0x000000071fa00000| PB 0x000000071fa00000| Untracked 
| 237|0x000000071fc00000, 0x000000071fc00000, 0x000000071fe00000|  0%| F|  |TAMS 0x000000071fc00000| PB 0x000000071fc00000| Untracked 
| 238|0x000000071fe00000, 0x000000071fe00000, 0x0000000720000000|  0%| F|  |TAMS 0x000000071fe00000| PB 0x000000071fe00000| Untracked 
| 239|0x0000000720000000, 0x0000000720000000, 0x0000000720200000|  0%| F|  |TAMS 0x0000000720000000| PB 0x0000000720000000| Untracked 
| 240|0x0000000720200000, 0x0000000720200000, 0x0000000720400000|  0%| F|  |TAMS 0x0000000720200000| PB 0x0000000720200000| Untracked 
| 241|0x0000000720400000, 0x0000000720400000, 0x0000000720600000|  0%| F|  |TAMS 0x0000000720400000| PB 0x0000000720400000| Untracked 
| 242|0x0000000720600000, 0x0000000720600000, 0x0000000720800000|  0%| F|  |TAMS 0x0000000720600000| PB 0x0000000720600000| Untracked 
| 243|0x0000000720800000, 0x0000000720800000, 0x0000000720a00000|  0%| F|  |TAMS 0x0000000720800000| PB 0x0000000720800000| Untracked 
| 244|0x0000000720a00000, 0x0000000720a00000, 0x0000000720c00000|  0%| F|  |TAMS 0x0000000720a00000| PB 0x0000000720a00000| Untracked 
| 245|0x0000000720c00000, 0x0000000720c00000, 0x0000000720e00000|  0%| F|  |TAMS 0x0000000720c00000| PB 0x0000000720c00000| Untracked 
| 246|0x0000000720e00000, 0x0000000720e00000, 0x0000000721000000|  0%| F|  |TAMS 0x0000000720e00000| PB 0x0000000720e00000| Untracked 
| 247|0x0000000721000000, 0x0000000721000000, 0x0000000721200000|  0%| F|  |TAMS 0x0000000721000000| PB 0x0000000721000000| Untracked 
| 248|0x0000000721200000, 0x0000000721200000, 0x0000000721400000|  0%| F|  |TAMS 0x0000000721200000| PB 0x0000000721200000| Untracked 
| 249|0x0000000721400000, 0x0000000721400000, 0x0000000721600000|  0%| F|  |TAMS 0x0000000721400000| PB 0x0000000721400000| Untracked 
| 250|0x0000000721600000, 0x0000000721600000, 0x0000000721800000|  0%| F|  |TAMS 0x0000000721600000| PB 0x0000000721600000| Untracked 
| 251|0x0000000721800000, 0x0000000721800000, 0x0000000721a00000|  0%| F|  |TAMS 0x0000000721800000| PB 0x0000000721800000| Untracked 
| 252|0x0000000721a00000, 0x0000000721a00000, 0x0000000721c00000|  0%| F|  |TAMS 0x0000000721a00000| PB 0x0000000721a00000| Untracked 
| 253|0x0000000721c00000, 0x0000000721c00000, 0x0000000721e00000|  0%| F|  |TAMS 0x0000000721c00000| PB 0x0000000721c00000| Untracked 
| 254|0x0000000721e00000, 0x0000000721e00000, 0x0000000722000000|  0%| F|  |TAMS 0x0000000721e00000| PB 0x0000000721e00000| Untracked 
| 255|0x0000000722000000, 0x0000000722000000, 0x0000000722200000|  0%| F|  |TAMS 0x0000000722000000| PB 0x0000000722000000| Untracked 
| 256|0x0000000722200000, 0x0000000722200000, 0x0000000722400000|  0%| F|  |TAMS 0x0000000722200000| PB 0x0000000722200000| Untracked 
| 257|0x0000000722400000, 0x0000000722400000, 0x0000000722600000|  0%| F|  |TAMS 0x0000000722400000| PB 0x0000000722400000| Untracked 
| 258|0x0000000722600000, 0x0000000722600000, 0x0000000722800000|  0%| F|  |TAMS 0x0000000722600000| PB 0x0000000722600000| Untracked 
| 259|0x0000000722800000, 0x0000000722800000, 0x0000000722a00000|  0%| F|  |TAMS 0x0000000722800000| PB 0x0000000722800000| Untracked 
| 260|0x0000000722a00000, 0x0000000722a00000, 0x0000000722c00000|  0%| F|  |TAMS 0x0000000722a00000| PB 0x0000000722a00000| Untracked 
| 261|0x0000000722c00000, 0x0000000722c00000, 0x0000000722e00000|  0%| F|  |TAMS 0x0000000722c00000| PB 0x0000000722c00000| Untracked 
| 262|0x0000000722e00000, 0x0000000722e00000, 0x0000000723000000|  0%| F|  |TAMS 0x0000000722e00000| PB 0x0000000722e00000| Untracked 
| 263|0x0000000723000000, 0x0000000723000000, 0x0000000723200000|  0%| F|  |TAMS 0x0000000723000000| PB 0x0000000723000000| Untracked 
| 264|0x0000000723200000, 0x0000000723200000, 0x0000000723400000|  0%| F|  |TAMS 0x0000000723200000| PB 0x0000000723200000| Untracked 
| 265|0x0000000723400000, 0x0000000723400000, 0x0000000723600000|  0%| F|  |TAMS 0x0000000723400000| PB 0x0000000723400000| Untracked 
| 266|0x0000000723600000, 0x0000000723600000, 0x0000000723800000|  0%| F|  |TAMS 0x0000000723600000| PB 0x0000000723600000| Untracked 
| 267|0x0000000723800000, 0x0000000723800000, 0x0000000723a00000|  0%| F|  |TAMS 0x0000000723800000| PB 0x0000000723800000| Untracked 
| 268|0x0000000723a00000, 0x0000000723a00000, 0x0000000723c00000|  0%| F|  |TAMS 0x0000000723a00000| PB 0x0000000723a00000| Untracked 
| 269|0x0000000723c00000, 0x0000000723c00000, 0x0000000723e00000|  0%| F|  |TAMS 0x0000000723c00000| PB 0x0000000723c00000| Untracked 
| 270|0x0000000723e00000, 0x0000000723e00000, 0x0000000724000000|  0%| F|  |TAMS 0x0000000723e00000| PB 0x0000000723e00000| Untracked 
| 271|0x0000000724000000, 0x0000000724000000, 0x0000000724200000|  0%| F|  |TAMS 0x0000000724000000| PB 0x0000000724000000| Untracked 
| 272|0x0000000724200000, 0x0000000724200000, 0x0000000724400000|  0%| F|  |TAMS 0x0000000724200000| PB 0x0000000724200000| Untracked 
| 273|0x0000000724400000, 0x0000000724400000, 0x0000000724600000|  0%| F|  |TAMS 0x0000000724400000| PB 0x0000000724400000| Untracked 
| 274|0x0000000724600000, 0x0000000724600000, 0x0000000724800000|  0%| F|  |TAMS 0x0000000724600000| PB 0x0000000724600000| Untracked 
| 275|0x0000000724800000, 0x0000000724800000, 0x0000000724a00000|  0%| F|  |TAMS 0x0000000724800000| PB 0x0000000724800000| Untracked 
| 276|0x0000000724a00000, 0x0000000724a00000, 0x0000000724c00000|  0%| F|  |TAMS 0x0000000724a00000| PB 0x0000000724a00000| Untracked 

Card table byte_map: [0x0000021edff00000,0x0000021ee06f0000] _byte_map_base: 0x0000021edc6ef000

Marking Bits: (CMBitMap*) 0x0000021ec60c0f70
 Bits: [0x0000021ee06f0000, 0x0000021ee4668000)

Polling page: 0x0000021ec6130000

Metaspace:

Usage:
  Non-class:      1.48 MB used.
      Class:    142.52 KB used.
       Both:      1.62 MB used.

Virtual space:
  Non-class space:       64.00 MB reserved,       1.62 MB (  3%) committed,  1 nodes.
      Class space:        1.00 GB reserved,     256.00 KB ( <1%) committed,  1 nodes.
             Both:        1.06 GB reserved,       1.88 MB ( <1%) committed. 

Chunk freelists:
   Non-Class:  11.78 MB
       Class:  15.65 MB
        Both:  27.43 MB

MaxMetaspaceSize: unlimited
CompressedClassSpaceSize: 1.00 GB
Initial GC threshold: 21.00 MB
Current GC threshold: 21.00 MB
CDS: on
 - commit_granule_bytes: 65536.
 - commit_granule_words: 8192.
 - virtual_space_node_default_size: 8388608.
 - enlarge_chunks_in_place: 1.
 - use_allocation_guard: 0.


Internal statistics:

num_allocs_failed_limit: 0.
num_arena_births: 174.
num_arena_deaths: 0.
num_vsnodes_births: 2.
num_vsnodes_deaths: 0.
num_space_committed: 30.
num_space_uncommitted: 0.
num_chunks_returned_to_freelist: 0.
num_chunks_taken_from_freelist: 222.
num_chunk_merges: 0.
num_chunk_splits: 132.
num_chunks_enlarged: 45.
num_inconsistent_stats: 0.

CodeHeap 'non-profiled nmethods': size=120000Kb used=539Kb max_used=539Kb free=119460Kb
 bounds [0x0000021ed7760000, 0x0000021ed79d0000, 0x0000021edec90000]
CodeHeap 'profiled nmethods': size=120000Kb used=1104Kb max_used=1104Kb free=118896Kb
 bounds [0x0000021ecfc90000, 0x0000021ecff00000, 0x0000021ed71c0000]
CodeHeap 'non-nmethods': size=5760Kb used=1383Kb max_used=1445Kb free=4376Kb
 bounds [0x0000021ed71c0000, 0x0000021ed7430000, 0x0000021ed7760000]
 total_blobs=1260 nmethods=778 adapters=387
 compilation: enabled
              stopped_count=0, restarted_count=0
 full_count=0

Compilation events (20 events):
Event: 1.480 Thread 0x0000021ee714d310  768       3       java.lang.invoke.LambdaForm::prepare (108 bytes)
Event: 1.481 Thread 0x0000021ee714d310 nmethod 768 0x0000021ecfd9fd90 code [0x0000021ecfd9ffe0, 0x0000021ecfda0810]
Event: 1.481 Thread 0x0000021ee714d310  770       3       jdk.internal.org.objectweb.asm.Label::resolve (219 bytes)
Event: 1.481 Thread 0x0000021ee714d310 nmethod 770 0x0000021ecfda0b10 code [0x0000021ecfda0d00, 0x0000021ecfda1230]
Event: 1.481 Thread 0x0000021ee714d310  769       3       jdk.internal.org.objectweb.asm.MethodWriter::visitInsn (115 bytes)
Event: 1.481 Thread 0x0000021ee714d310 nmethod 769 0x0000021ecfda1510 code [0x0000021ecfda1700, 0x0000021ecfda1b48]
Event: 1.483 Thread 0x0000021ee714d310  771       3       jdk.internal.misc.Unsafe::getLongUnaligned (173 bytes)
Event: 1.483 Thread 0x0000021ee714d310 nmethod 771 0x0000021ecfda1d10 code [0x0000021ecfda1f00, 0x0000021ecfda2338]
Event: 1.483 Thread 0x0000021ee714d310  772       1       java.util.concurrent.ConcurrentHashMap$MapEntry::getKey (5 bytes)
Event: 1.483 Thread 0x0000021ee714d310 nmethod 772 0x0000021ed77e6b10 code [0x0000021ed77e6ca0, 0x0000021ed77e6d70]
Event: 1.483 Thread 0x0000021ee714d310  774       3       java.lang.StringLatin1::getChar (9 bytes)
Event: 1.484 Thread 0x0000021ee714d310 nmethod 774 0x0000021ecfda2410 code [0x0000021ecfda25a0, 0x0000021ecfda26c0]
Event: 1.484 Thread 0x0000021ee714d310  775       3       java.lang.StringBuilder::<init> (6 bytes)
Event: 1.484 Thread 0x0000021ee714d310 nmethod 775 0x0000021ecfda2790 code [0x0000021ecfda2940, 0x0000021ecfda2a80]
Event: 1.484 Thread 0x0000021ee714d310  776       3       java.lang.String::getChars (55 bytes)
Event: 1.485 Thread 0x0000021ee714d310 nmethod 776 0x0000021ecfda2b10 code [0x0000021ecfda2d40, 0x0000021ecfda34a0]
Event: 1.485 Thread 0x0000021ee714d310  777       3       java.lang.StringLatin1::getChars (12 bytes)
Event: 1.485 Thread 0x0000021ee714d310 nmethod 777 0x0000021ecfda3790 code [0x0000021ecfda3940, 0x0000021ecfda3a68]
Event: 1.485 Thread 0x0000021ee714d310  778       3       java.io.BufferedWriter::ensureOpen (18 bytes)
Event: 1.485 Thread 0x0000021ee714d310 nmethod 778 0x0000021ecfda3b10 code [0x0000021ecfda3cc0, 0x0000021ecfda3ef0]

GC Heap History (17 events):
Event: 0.286 GC heap before
{Heap before GC invocations=0 (full 0):
 garbage-first heap   total 260096K, used 22528K [0x0000000702200000, 0x0000000800000000)
  region size 2048K, 11 young (22528K), 0 survivors (0K)
 Metaspace       used 897K, committed 1024K, reserved 1114112K
  class space    used 68K, committed 128K, reserved 1048576K
}
Event: 0.295 GC heap after
{Heap after GC invocations=1 (full 0):
 garbage-first heap   total 260096K, used 5759K [0x0000000702200000, 0x0000000800000000)
  region size 2048K, 2 young (4096K), 2 survivors (4096K)
 Metaspace       used 897K, committed 1024K, reserved 1114112K
  class space    used 68K, committed 128K, reserved 1048576K
}
Event: 0.597 GC heap before
{Heap before GC invocations=1 (full 0):
 garbage-first heap   total 260096K, used 32383K [0x0000000702200000, 0x0000000800000000)
  region size 2048K, 15 young (30720K), 2 survivors (4096K)
 Metaspace       used 1257K, committed 1472K, reserved 1114112K
  class space    used 111K, committed 192K, reserved 1048576K
}
Event: 0.617 GC heap after
{Heap after GC invocations=2 (full 0):
 garbage-first heap   total 260096K, used 14200K [0x0000000702200000, 0x0000000800000000)
  region size 2048K, 2 young (4096K), 2 survivors (4096K)
 Metaspace       used 1257K, committed 1472K, reserved 1114112K
  class space    used 111K, committed 192K, reserved 1048576K
}
Event: 0.690 GC heap before
{Heap before GC invocations=2 (full 0):
 garbage-first heap   total 260096K, used 55160K [0x0000000702200000, 0x0000000800000000)
  region size 2048K, 22 young (45056K), 2 survivors (4096K)
 Metaspace       used 1269K, committed 1472K, reserved 1114112K
  class space    used 111K, committed 192K, reserved 1048576K
}
Event: 0.712 GC heap after
{Heap after GC invocations=3 (full 0):
 garbage-first heap   total 260096K, used 27032K [0x0000000702200000, 0x0000000800000000)
  region size 2048K, 3 young (6144K), 3 survivors (6144K)
 Metaspace       used 1269K, committed 1472K, reserved 1114112K
  class space    used 111K, committed 192K, reserved 1048576K
}
Event: 0.769 GC heap before
{Heap before GC invocations=3 (full 0):
 garbage-first heap   total 260096K, used 70040K [0x0000000702200000, 0x0000000800000000)
  region size 2048K, 24 young (49152K), 3 survivors (6144K)
 Metaspace       used 1269K, committed 1472K, reserved 1114112K
  class space    used 111K, committed 192K, reserved 1048576K
}
Event: 0.792 GC heap after
{Heap after GC invocations=4 (full 0):
 garbage-first heap   total 260096K, used 40397K [0x0000000702200000, 0x0000000800000000)
  region size 2048K, 3 young (6144K), 3 survivors (6144K)
 Metaspace       used 1269K, committed 1472K, reserved 1114112K
  class space    used 111K, committed 192K, reserved 1048576K
}
Event: 0.866 GC heap before
{Heap before GC invocations=4 (full 0):
 garbage-first heap   total 260096K, used 103885K [0x0000000702200000, 0x0000000800000000)
  region size 2048K, 34 young (69632K), 3 survivors (6144K)
 Metaspace       used 1271K, committed 1472K, reserved 1114112K
  class space    used 111K, committed 192K, reserved 1048576K
}
Event: 0.893 GC heap after
{Heap after GC invocations=5 (full 0):
 garbage-first heap   total 567296K, used 60165K [0x0000000702200000, 0x0000000800000000)
  region size 2048K, 5 young (10240K), 5 survivors (10240K)
 Metaspace       used 1271K, committed 1472K, reserved 1114112K
  class space    used 111K, committed 192K, reserved 1048576K
}
Event: 1.010 GC heap before
{Heap before GC invocations=5 (full 0):
 garbage-first heap   total 567296K, used 131845K [0x0000000702200000, 0x0000000800000000)
  region size 2048K, 40 young (81920K), 5 survivors (10240K)
 Metaspace       used 1271K, committed 1472K, reserved 1114112K
  class space    used 111K, committed 192K, reserved 1048576K
}
Event: 1.037 GC heap after
{Heap after GC invocations=6 (full 0):
 garbage-first heap   total 567296K, used 83680K [0x0000000702200000, 0x0000000800000000)
  region size 2048K, 5 young (10240K), 5 survivors (10240K)
 Metaspace       used 1271K, committed 1472K, reserved 1114112K
  class space    used 111K, committed 192K, reserved 1048576K
}
Event: 1.126 GC heap before
{Heap before GC invocations=6 (full 0):
 garbage-first heap   total 567296K, used 171744K [0x0000000702200000, 0x0000000800000000)
  region size 2048K, 48 young (98304K), 5 survivors (10240K)
 Metaspace       used 1271K, committed 1472K, reserved 1114112K
  class space    used 111K, committed 192K, reserved 1048576K
}
Event: 1.154 GC heap after
{Heap after GC invocations=7 (full 0):
 garbage-first heap   total 567296K, used 112535K [0x0000000702200000, 0x0000000800000000)
  region size 2048K, 6 young (12288K), 6 survivors (12288K)
 Metaspace       used 1271K, committed 1472K, reserved 1114112K
  class space    used 111K, committed 192K, reserved 1048576K
}
Event: 1.276 GC heap before
{Heap before GC invocations=7 (full 0):
 garbage-first heap   total 567296K, used 231319K [0x0000000702200000, 0x0000000800000000)
  region size 2048K, 64 young (131072K), 6 survivors (12288K)
 Metaspace       used 1273K, committed 1472K, reserved 1114112K
  class space    used 111K, committed 192K, reserved 1048576K
}
Event: 1.335 GC heap after
{Heap after GC invocations=8 (full 0):
 garbage-first heap   total 567296K, used 151095K [0x0000000702200000, 0x0000000800000000)
  region size 2048K, 8 young (16384K), 8 survivors (16384K)
 Metaspace       used 1273K, committed 1472K, reserved 1114112K
  class space    used 111K, committed 192K, reserved 1048576K
}
Event: 1.512 GC heap before
{Heap before GC invocations=8 (full 0):
 garbage-first heap   total 567296K, used 292407K [0x0000000702200000, 0x0000000800000000)
  region size 2048K, 77 young (157696K), 8 survivors (16384K)
 Metaspace       used 1662K, committed 1920K, reserved 1114112K
  class space    used 142K, committed 256K, reserved 1048576K
}

Dll operation events (10 events):
Event: 0.013 Loaded shared library C:\Program Files\Java\jdk-21\bin\java.dll
Event: 0.047 Loaded shared library C:\Program Files\Java\jdk-21\bin\jsvml.dll
Event: 0.102 Loaded shared library C:\Program Files\Java\jdk-21\bin\zip.dll
Event: 0.106 Loaded shared library C:\Program Files\Java\jdk-21\bin\instrument.dll
Event: 0.111 Loaded shared library C:\Program Files\Java\jdk-21\bin\net.dll
Event: 0.113 Loaded shared library C:\Program Files\Java\jdk-21\bin\nio.dll
Event: 0.117 Loaded shared library C:\Program Files\Java\jdk-21\bin\zip.dll
Event: 0.128 Loaded shared library C:\Program Files\JetBrains\IntelliJ IDEA Community Edition 2024.2.0.1\bin\breakgen64.dll
Event: 0.139 Loaded shared library C:\Program Files\Java\jdk-21\bin\extnet.dll
Event: 1.431 Loaded shared library C:\Program Files\Java\jdk-21\bin\jimage.dll

Deoptimization events (20 events):
Event: 0.810 Thread 0x0000021ec5e029c0 DEOPT PACKING pc=0x0000021ecfd13ca1 sp=0x000000663eeff490
Event: 0.810 Thread 0x0000021ec5e029c0 DEOPT UNPACKING pc=0x0000021ed7214e42 sp=0x000000663eefe9d8 mode 0
Event: 0.810 Thread 0x0000021ec5e029c0 DEOPT PACKING pc=0x0000021ecfd13ca1 sp=0x000000663eeff490
Event: 0.810 Thread 0x0000021ec5e029c0 DEOPT UNPACKING pc=0x0000021ed7214e42 sp=0x000000663eefe9d8 mode 0
Event: 0.812 Thread 0x0000021ec5e029c0 DEOPT PACKING pc=0x0000021ecfd13ca1 sp=0x000000663eeff490
Event: 0.812 Thread 0x0000021ec5e029c0 DEOPT UNPACKING pc=0x0000021ed7214e42 sp=0x000000663eefe9d8 mode 0
Event: 0.813 Thread 0x0000021ec5e029c0 DEOPT PACKING pc=0x0000021ecfd13ca1 sp=0x000000663eeff490
Event: 0.813 Thread 0x0000021ec5e029c0 DEOPT UNPACKING pc=0x0000021ed7214e42 sp=0x000000663eefe9d8 mode 0
Event: 0.814 Thread 0x0000021ec5e029c0 DEOPT PACKING pc=0x0000021ecfd13ca1 sp=0x000000663eeff490
Event: 0.814 Thread 0x0000021ec5e029c0 DEOPT UNPACKING pc=0x0000021ed7214e42 sp=0x000000663eefe9d8 mode 0
Event: 0.816 Thread 0x0000021ec5e029c0 DEOPT PACKING pc=0x0000021ecfd76cde sp=0x000000663eeff530
Event: 0.816 Thread 0x0000021ec5e029c0 DEOPT UNPACKING pc=0x0000021ed7214e42 sp=0x000000663eefe9f8 mode 0
Event: 0.824 Thread 0x0000021ec5e029c0 DEOPT PACKING pc=0x0000021ecfcfe7f2 sp=0x000000663eeff450
Event: 0.824 Thread 0x0000021ec5e029c0 DEOPT UNPACKING pc=0x0000021ed7214e42 sp=0x000000663eefe960 mode 0
Event: 0.843 Thread 0x0000021ec5e029c0 DEOPT PACKING pc=0x0000021ecfd16313 sp=0x000000663eeff450
Event: 0.843 Thread 0x0000021ec5e029c0 DEOPT UNPACKING pc=0x0000021ed7214e42 sp=0x000000663eefe958 mode 0
Event: 1.434 Thread 0x0000021ee7141980 Uncommon trap: trap_request=0xffffff45 fr.pc=0x0000021ed77a1c3c relative=0x000000000000249c
Event: 1.434 Thread 0x0000021ee7141980 Uncommon trap: reason=unstable_if action=reinterpret pc=0x0000021ed77a1c3c method=java.lang.String.split(Ljava/lang/String;IZ)[Ljava/lang/String; @ 8 c2
Event: 1.434 Thread 0x0000021ee7141980 DEOPT PACKING pc=0x0000021ed77a1c3c sp=0x000000663f9fe4e0
Event: 1.434 Thread 0x0000021ee7141980 DEOPT UNPACKING pc=0x0000021ed72146a2 sp=0x000000663f9fe4c8 mode 2

Classes loaded (20 events):
Event: 1.446 Loading class java/time/zone/ZoneRulesProvider
Event: 1.446 Loading class java/time/zone/ZoneRulesProvider done
Event: 1.446 Loading class java/time/zone/ZoneRulesProvider$1
Event: 1.446 Loading class java/time/zone/ZoneRulesProvider$1 done
Event: 1.446 Loading class java/time/zone/TzdbZoneRulesProvider
Event: 1.446 Loading class java/time/zone/TzdbZoneRulesProvider done
Event: 1.459 Loading class java/util/Arrays$ArrayItr
Event: 1.459 Loading class java/util/Arrays$ArrayItr done
Event: 1.463 Loading class java/time/zone/Ser
Event: 1.463 Loading class java/io/Externalizable
Event: 1.463 Loading class java/io/Externalizable done
Event: 1.463 Loading class java/time/zone/Ser done
Event: 1.464 Loading class java/time/zone/ZoneOffsetTransition
Event: 1.464 Loading class java/time/zone/ZoneOffsetTransition done
Event: 1.469 Loading class sun/util/cldr/CLDRBaseLocaleDataMetaInfo$TZCanonicalIDMapHolder
Event: 1.474 Loading class sun/util/cldr/CLDRBaseLocaleDataMetaInfo$TZCanonicalIDMapHolder done
Event: 1.477 Loading class sun/util/resources/TimeZoneNames
Event: 1.478 Loading class sun/util/resources/TimeZoneNames done
Event: 1.479 Loading class sun/util/resources/TimeZoneNames_en
Event: 1.479 Loading class sun/util/resources/TimeZoneNames_en done

Classes unloaded (0 events):
No events

Classes redefined (0 events):
No events

Internal exceptions (7 events):
Event: 0.118 Thread 0x0000021ec5e029c0 Exception <a 'java/lang/NoSuchMethodError'{0x0000000711cf9810}: 'void java.lang.invoke.DirectMethodHandle$Holder.invokeStatic(java.lang.Object, java.lang.Object, java.lang.Object)'> (0x0000000711cf9810) 
thrown [s\open\src\hotspot\share\interpreter\linkResolver.cpp, line 773]
Event: 0.123 Thread 0x0000021ec5e029c0 Exception <a 'java/lang/NoSuchMethodError'{0x0000000711d10d18}: 'java.lang.Object java.lang.invoke.Invokers$Holder.invokeExact_MT(java.lang.Object, java.lang.Object, java.lang.Object, java.lang.Object, java.lang.Object)'> (0x0000000711d10d18) 
thrown [s\open\src\hotspot\share\interpreter\linkResolver.cpp, line 773]
Event: 0.140 Thread 0x0000021ee746a770 Exception <a 'java/lang/NoSuchMethodError'{0x0000000711d5ac50}: 'void java.lang.invoke.DirectMethodHandle$Holder.invokeStatic(java.lang.Object, java.lang.Object)'> (0x0000000711d5ac50) 
thrown [s\open\src\hotspot\share\interpreter\linkResolver.cpp, line 773]
Event: 0.556 Thread 0x0000021ec5e029c0 Exception <a 'java/lang/NoSuchMethodError'{0x0000000710d8a278}: 'java.lang.Object java.lang.invoke.DirectMethodHandle$Holder.invokeStatic(java.lang.Object, java.lang.Object, java.lang.Object, java.lang.Object, java.lang.Object, java.lang.Object, java.lang.Object, java.lang.Object, java.lang.Object, java.lang.Object, java.lang.Object, java.lang.Object, java.lang.Object)'> (0x0000000710d8a278) 
thrown [s\open\src\hotspot\share\interpreter\linkResolver.cpp, line 773]
Event: 0.567 Thread 0x0000021ec5e029c0 Exception <a 'java/lang/NoSuchMethodError'{0x0000000710dad7a8}: 'java.lang.Object java.lang.invoke.DirectMethodHandle$Holder.invokeStatic(java.lang.Object, java.lang.Object, java.lang.Object, java.lang.Object, java.lang.Object, java.lang.Object, java.lang.Object, java.lang.Object, java.lang.Object, java.lang.Object, java.lang.Object, java.lang.Object, java.lang.Object, java.lang.Object)'> (0x0000000710dad7a8) 
thrown [s\open\src\hotspot\share\interpreter\linkResolver.cpp, line 773]
Event: 0.571 Thread 0x0000021ec5e029c0 Exception <a 'java/lang/NoSuchMethodError'{0x0000000710dc0050}: 'java.lang.Object java.lang.invoke.DelegatingMethodHandle$Holder.reinvoke_L(java.lang.Object, java.lang.Object, java.lang.Object, java.lang.Object, long, int, int, java.lang.Object, java.lang.Object, java.lang.Object, java.lang.Object, java.lang.Object, int, int, int, java.lang.Object)'> (0x0000000710dc0050) 
thrown [s\open\src\hotspot\share\interpreter\linkResolver.cpp, line 773]
Event: 1.480 Thread 0x0000021ee7141980 Exception <a 'java/lang/NoSuchMethodError'{0x000000071e002540}: 'java.lang.Object java.lang.invoke.Invokers$Holder.invokeExact_MT(java.lang.Object, java.lang.Object, java.lang.Object, java.lang.Object, java.lang.Object, java.lang.Object)'> (0x000000071e002540) 
thrown [s\open\src\hotspot\share\interpreter\linkResolver.cpp, line 773]

ZGC Phase Switch (0 events):
No events

VM Operations (20 events):
Event: 0.077 Executing VM operation: HandshakeAllThreads (Deoptimize) done
Event: 0.286 Executing VM operation: G1CollectForAllocation (G1 Evacuation Pause)
Event: 0.295 Executing VM operation: G1CollectForAllocation (G1 Evacuation Pause) done
Event: 0.597 Executing VM operation: G1CollectForAllocation (G1 Evacuation Pause)
Event: 0.617 Executing VM operation: G1CollectForAllocation (G1 Evacuation Pause) done
Event: 0.690 Executing VM operation: G1CollectForAllocation (G1 Evacuation Pause)
Event: 0.712 Executing VM operation: G1CollectForAllocation (G1 Evacuation Pause) done
Event: 0.769 Executing VM operation: G1CollectForAllocation (G1 Evacuation Pause)
Event: 0.792 Executing VM operation: G1CollectForAllocation (G1 Evacuation Pause) done
Event: 0.866 Executing VM operation: G1CollectForAllocation (G1 Evacuation Pause)
Event: 0.893 Executing VM operation: G1CollectForAllocation (G1 Evacuation Pause) done
Event: 1.010 Executing VM operation: G1CollectForAllocation (G1 Evacuation Pause)
Event: 1.037 Executing VM operation: G1CollectForAllocation (G1 Evacuation Pause) done
Event: 1.126 Executing VM operation: G1CollectForAllocation (G1 Evacuation Pause)
Event: 1.154 Executing VM operation: G1CollectForAllocation (G1 Evacuation Pause) done
Event: 1.276 Executing VM operation: G1CollectForAllocation (G1 Evacuation Pause)
Event: 1.335 Executing VM operation: G1CollectForAllocation (G1 Evacuation Pause) done
Event: 1.442 Executing VM operation: HandshakeAllThreads (Deoptimize)
Event: 1.442 Executing VM operation: HandshakeAllThreads (Deoptimize) done
Event: 1.512 Executing VM operation: G1CollectForAllocation (G1 Evacuation Pause)

Events (18 events):
Event: 0.029 Thread 0x0000021ec5e029c0 Thread added: 0x0000021ec5e029c0
Event: 0.045 Thread 0x0000021ee713a320 Thread added: 0x0000021ee713a320
Event: 0.045 Thread 0x0000021ee713c200 Thread added: 0x0000021ee713c200
Event: 0.045 Thread 0x0000021ee713ed60 Thread added: 0x0000021ee713ed60
Event: 0.045 Thread 0x0000021ee7141980 Thread added: 0x0000021ee7141980
Event: 0.045 Thread 0x0000021ee7142d30 Thread added: 0x0000021ee7142d30
Event: 0.046 Thread 0x0000021ee71444d0 Thread added: 0x0000021ee71444d0
Event: 0.046 Thread 0x0000021ee71490b0 Thread added: 0x0000021ee71490b0
Event: 0.046 Thread 0x0000021ee714d310 Thread added: 0x0000021ee714d310
Event: 0.068 Thread 0x0000021ee7104f50 Thread added: 0x0000021ee7104f50
Event: 0.129 Thread 0x0000021ee746a770 Thread added: 0x0000021ee746a770
Event: 0.129 Thread 0x0000021ee746b1e0 Thread added: 0x0000021ee746b1e0
Event: 0.172 Thread 0x0000021ee7435360 Thread added: 0x0000021ee7435360
Event: 0.188 Thread 0x0000021ee7435ea0 Thread added: 0x0000021ee7435ea0
Event: 1.109 Thread 0x0000021ee7435ea0 Thread exited: 0x0000021ee7435ea0
Event: 1.159 Thread 0x0000021ee7435360 Thread exited: 0x0000021ee7435360
Event: 1.458 Thread 0x0000021eec85bc50 Thread added: 0x0000021eec85bc50
Event: 1.462 Thread 0x0000021eec8f1280 Thread added: 0x0000021eec8f1280


Dynamic libraries:
0x00007ff7d6160000 - 0x00007ff7d6170000 	C:\Program Files\Java\jdk-21\bin\java.exe
0x00007ffba1510000 - 0x00007ffba1708000 	C:\Windows\SYSTEM32\ntdll.dll
0x00007ffb9f610000 - 0x00007ffb9f6d1000 	C:\Windows\System32\KERNEL32.DLL
0x00007ffb9ebc0000 - 0x00007ffb9eebd000 	C:\Windows\System32\KERNELBASE.dll
0x00007ffb9f3d0000 - 0x00007ffb9f4d0000 	C:\Windows\System32\ucrtbase.dll
0x00007ffb970b0000 - 0x00007ffb970c9000 	C:\Program Files\Java\jdk-21\bin\jli.dll
0x00007ffb97910000 - 0x00007ffb9792b000 	C:\Program Files\Java\jdk-21\bin\VCRUNTIME140.dll
0x00007ffba0d80000 - 0x00007ffba0e30000 	C:\Windows\System32\ADVAPI32.dll
0x00007ffba0ce0000 - 0x00007ffba0d7e000 	C:\Windows\System32\msvcrt.dll
0x00007ffba08d0000 - 0x00007ffba0970000 	C:\Windows\System32\sechost.dll
0x00007ffb9fac0000 - 0x00007ffb9fbe3000 	C:\Windows\System32\RPCRT4.dll
0x00007ffb9f3a0000 - 0x00007ffb9f3c7000 	C:\Windows\System32\bcrypt.dll
0x00007ffba1330000 - 0x00007ffba14cd000 	C:\Windows\System32\USER32.dll
0x00007ffb9efe0000 - 0x00007ffb9f002000 	C:\Windows\System32\win32u.dll
0x00007ffb8a5a0000 - 0x00007ffb8a83a000 	C:\Windows\WinSxS\amd64_microsoft.windows.common-controls_6595b64144ccf1df_6.0.19041.4355_none_60b8b9eb71f62e16\COMCTL32.dll
0x00007ffb9f5e0000 - 0x00007ffb9f60b000 	C:\Windows\System32\GDI32.dll
0x00007ffb9eec0000 - 0x00007ffb9efd7000 	C:\Windows\System32\gdi32full.dll
0x00007ffb9f110000 - 0x00007ffb9f1ad000 	C:\Windows\System32\msvcp_win.dll
0x00007ffb96c40000 - 0x00007ffb96c4a000 	C:\Windows\SYSTEM32\VERSION.dll
0x00007ffb9f550000 - 0x00007ffb9f57f000 	C:\Windows\System32\IMM32.DLL
0x00007ffb978c0000 - 0x00007ffb978cc000 	C:\Program Files\Java\jdk-21\bin\vcruntime140_1.dll
0x00007ffb5c1c0000 - 0x00007ffb5c24e000 	C:\Program Files\Java\jdk-21\bin\msvcp140.dll
0x00007ffb07c10000 - 0x00007ffb08925000 	C:\Program Files\Java\jdk-21\bin\server\jvm.dll
0x00007ffba0970000 - 0x00007ffba09db000 	C:\Windows\System32\WS2_32.dll
0x00007ffb9ea10000 - 0x00007ffb9ea5b000 	C:\Windows\SYSTEM32\POWRPROF.dll
0x00007ffb88700000 - 0x00007ffb88727000 	C:\Windows\SYSTEM32\WINMM.dll
0x00007ffb9e9f0000 - 0x00007ffb9ea02000 	C:\Windows\SYSTEM32\UMPDC.dll
0x00007ffb9d3d0000 - 0x00007ffb9d3e2000 	C:\Windows\SYSTEM32\kernel.appcore.dll
0x00007ffb97320000 - 0x00007ffb9732a000 	C:\Program Files\Java\jdk-21\bin\jimage.dll
0x00007ffb997a0000 - 0x00007ffb99984000 	C:\Windows\SYSTEM32\DBGHELP.DLL
0x00007ffb88270000 - 0x00007ffb882a4000 	C:\Windows\SYSTEM32\dbgcore.DLL
0x00007ffb9f1b0000 - 0x00007ffb9f232000 	C:\Windows\System32\bcryptPrimitives.dll
0x00007ffb96ea0000 - 0x00007ffb96eaf000 	C:\Program Files\Java\jdk-21\bin\instrument.dll
0x00007ffb97050000 - 0x00007ffb9706f000 	C:\Program Files\Java\jdk-21\bin\java.dll
0x00007ffba0090000 - 0x00007ffba07ff000 	C:\Windows\System32\SHELL32.dll
0x00007ffb9cbf0000 - 0x00007ffb9d38f000 	C:\Windows\SYSTEM32\windows.storage.dll
0x00007ffb9fbf0000 - 0x00007ffb9ff43000 	C:\Windows\System32\combase.dll
0x00007ffb9e510000 - 0x00007ffb9e53e000 	C:\Windows\SYSTEM32\Wldp.dll
0x00007ffb9ffb0000 - 0x00007ffba007d000 	C:\Windows\System32\OLEAUT32.dll
0x00007ffb9f6e0000 - 0x00007ffb9f78d000 	C:\Windows\System32\SHCORE.dll
0x00007ffb9ff50000 - 0x00007ffb9ffa5000 	C:\Windows\System32\shlwapi.dll
0x00007ffb9eaf0000 - 0x00007ffb9eb14000 	C:\Windows\SYSTEM32\profapi.dll
0x00007ffb5ae00000 - 0x00007ffb5aed7000 	C:\Program Files\Java\jdk-21\bin\jsvml.dll
0x00007ffb97000000 - 0x00007ffb97018000 	C:\Program Files\Java\jdk-21\bin\zip.dll
0x00007ffb97040000 - 0x00007ffb97050000 	C:\Program Files\Java\jdk-21\bin\net.dll
0x00007ffb93010000 - 0x00007ffb9311d000 	C:\Windows\SYSTEM32\WINHTTP.dll
0x00007ffb9e270000 - 0x00007ffb9e2da000 	C:\Windows\system32\mswsock.dll
0x00007ffb97020000 - 0x00007ffb97036000 	C:\Program Files\Java\jdk-21\bin\nio.dll
0x00007ffb93a00000 - 0x00007ffb93a1a000 	C:\Program Files\JetBrains\IntelliJ IDEA Community Edition 2024.2.0.1\bin\breakgen64.dll
0x00007ffb96e90000 - 0x00007ffb96e97000 	C:\Program Files\Java\jdk-21\bin\extnet.dll

dbghelp: loaded successfully - version: 4.0.5 - missing functions: none
symbol engine: initialized successfully - sym options: 0x614 - pdb path: .;C:\Program Files\Java\jdk-21\bin;C:\Windows\SYSTEM32;C:\Windows\WinSxS\amd64_microsoft.windows.common-controls_6595b64144ccf1df_6.0.19041.4355_none_60b8b9eb71f62e16;C:\Program Files\Java\jdk-21\bin\server;C:\Program Files\JetBrains\IntelliJ IDEA Community Edition 2024.2.0.1\bin

VM Arguments:
jvm_args: -javaagent:C:\Program Files\JetBrains\IntelliJ IDEA Community Edition 2024.2.0.1\lib\idea_rt.jar=56736:C:\Program Files\JetBrains\IntelliJ IDEA Community Edition 2024.2.0.1\bin -Dfile.encoding=UTF-8 -Dsun.stdout.encoding=UTF-8 -Dsun.stderr.encoding=UTF-8 
java_command: Main
java_class_path (initial): D:\PBL-DSA\out\production\PBL-DSA
Launcher Type: SUN_STANDARD

[Global flags]
     intx CICompilerCount                          = 4                                         {product} {ergonomic}
     uint ConcGCThreads                            = 2                                         {product} {ergonomic}
     uint G1ConcRefinementThreads                  = 8                                         {product} {ergonomic}
   size_t G1HeapRegionSize                         = 2097152                                   {product} {ergonomic}
    uintx GCDrainStackTargetSize                   = 64                                        {product} {ergonomic}
   size_t InitialHeapSize                          = 266338304                                 {product} {ergonomic}
   size_t MarkStackSize                            = 4194304                                   {product} {ergonomic}
   size_t MaxHeapSize                              = 4259315712                                {product} {ergonomic}
   size_t MaxNewSize                               = 2554331136                                {product} {ergonomic}
   size_t MinHeapDeltaBytes                        = 2097152                                   {product} {ergonomic}
   size_t MinHeapSize                              = 8388608                                   {product} {ergonomic}
    uintx NonNMethodCodeHeapSize                   = 5839372                                {pd product} {ergonomic}
    uintx NonProfiledCodeHeapSize                  = 122909434                              {pd product} {ergonomic}
    uintx ProfiledCodeHeapSize                     = 122909434                              {pd product} {ergonomic}
    uintx ReservedCodeCacheSize                    = 251658240                              {pd product} {ergonomic}
     bool SegmentedCodeCache                       = true                                      {product} {ergonomic}
   size_t SoftMaxHeapSize                          = 4259315712                             {manageable} {ergonomic}
     bool UseCompressedOops                        = true                           {product lp64_product} {ergonomic}
     bool UseG1GC                                  = true                                      {product} {ergonomic}
     bool UseLargePagesIndividualAllocation        = false                                  {pd product} {ergonomic}

Logging:
Log output configuration:
 #0: stdout all=warning uptime,level,tags foldmultilines=false
 #1: stderr all=off uptime,level,tags foldmultilines=false

Environment Variables:
JAVA_HOME=C:\Program Files\Java\jdk-21
PATH=E:\Oracle\db_home\bin;E:\Oracle\WINDOWS.X64_213000_db_home\bin;C:\Program Files\Python312\Scripts\;C:\Program Files\Python312\;C:\Program Files\Common Files\Oracle\Java\javapath;C:\Windows\system32;C:\Windows;C:\Windows\System32\Wbem;C:\Windows\System32\WindowsPowerShell\v1.0\;C:\Windows\System32\OpenSSH\;C:\Program Files\Git\cmd;C:\Program Files\Java\jdk-21\bin;C:\Users\Dell 5490\AppData\Local\Microsoft\WindowsApps;C:\MinGW\bin;C:\Program Files\JetBrains\IntelliJ IDEA Community Edition 2024.1.4\bin;;C:\Program Files\Java\jdk-21\bin;C:\Users\Dell 5490\AppData\Local\Programs\Microsoft VS Code\bin;
USERNAME=Dell 5490
OS=Windows_NT
PROCESSOR_IDENTIFIER=Intel64 Family 6 Model 142 Stepping 10, GenuineIntel
TMP=C:\Users\DELL54~1\AppData\Local\Temp
TEMP=C:\Users\DELL54~1\AppData\Local\Temp




Periodic native trim disabled

---------------  S Y S T E M  ---------------

OS:
 Windows 10 , 64 bit Build 19041 (10.0.19041.4717)
OS uptime: 4 days 20:52 hours

CPU: total 8 (initial active 8) (4 cores per cpu, 2 threads per core) family 6 model 142 stepping 10 microcode 0xf4, cx8, cmov, fxsr, ht, mmx, 3dnowpref, sse, sse2, sse3, ssse3, sse4.1, sse4.2, popcnt, lzcnt, tsc, tscinvbit, avx, avx2, aes, erms, clmul, bmi1, bmi2, rtm, adx, fma, vzeroupper, clflush, clflushopt, rdtscp, f16c
Processor Information for all 8 processors :
  Max Mhz: 1896, Current Mhz: 1696, Mhz Limit: 1687

Memory: 4k page, system-wide physical 16242M (4027M free)
TotalPageFile size 20333M (AvailPageFile size 752M)
current process WorkingSet (physical memory assigned to process): 473M, peak: 473M
current process commit charge ("private bytes"): 666M, peak: 1652M

vm_info: Java HotSpot(TM) 64-Bit Server VM (21.0.1+12-LTS-29) for windows-amd64 JRE (21.0.1+12-LTS-29), built on 2023-10-05T13:27:09Z by "mach5one" with MS VC++ 17.1 (VS2022)

END.
